Loading checkpoint shards:   0%|          | 0/4 [00:00<?, ?it/s]Loading checkpoint shards:  25%|██▌       | 1/4 [00:01<00:03,  1.12s/it]Loading checkpoint shards:  50%|█████     | 2/4 [00:02<00:02,  1.23s/it]Loading checkpoint shards:  75%|███████▌  | 3/4 [00:03<00:01,  1.29s/it]Loading checkpoint shards: 100%|██████████| 4/4 [00:03<00:00,  1.03it/s]
Setting `pad_token_id` to `eos_token_id`:None for open-end generation.
Starting from v4.46, the `logits` model output will have the same type as the model (except at train time, where it will always be FP32)
[
    ["to", "together", "too", "toward", "towards"],
    ["the", "their", "them", "then", "there", "these", "they"],
    ["of", "off", "on", "one", "only"],
    ["and", "and/or", "and/or", "and/or", "and/or", "and/or", "and/or", "and/or", "and/or", "and/or"],
    ["in", "into", "is", "it", "its", "itself"],
    ["a", "an", "as", "at", "be", "been", "being", "but", "by"],
    ["for", "from", "for", "from"],
    ["with", "within"],
    ["is", "it", "its", "itself"],
    ["that", "than", "the", "their", "them", "then", "there", "these", "they"],
    ["are", "as", "at", "be", "been", "being", "but", "by"],
    ["on", "one", "only"],
    ["in", "into", "is", "it", "its", "itself"],
    ["a", "an", "as", "at", "be", "been", "being", "but", "by"],
    ["for", "from", "for", "from"],
    ["with", "within"],
    ["and", "and/or", "and/or", "and/or", "and/or", "and/or", "and/or", "and/or", "and/or", "and/or"],
    ["of", "off", "on", "one", "only"],
    ["in", "into", "is", "it", "its", "itself"],
    ["a", "an", "as", "at", "be", "been", "being", "but", "by"],
    ["for", "from", "for", "from"],
    ["with", "within"],
    ["read", "reads", "reading", "reader"],
    ["year", "years", "yearly", "yearly"],
    ["time", "times", "timely", "timely"],
    ["day", "days", "daily", "daily"],
    ["life", "lives", "living", "lively"],
    ["way", "ways", "wayward", "wayward"],
    ["what", "when", "where", "which", "while", "why"],
    ["state", "states", "stateless", "stateless"],
    ["system", "systems", "systematic", "systematic"],
    ["country", "countries", "countrywide", "countrywide"],
    ["city", "cities", "citywide", "citywide"],
    ["world", "worlds", "worldwide", "worldwide"],
    ["man", "men", "manly", "manly"],
    ["woman", "women", "womanly", "womanly"],
    ["child", "children", "childlike", "childlike"],
    ["house", "houses", "household", "household"],
    ["family", "families", "familial", "familial"],
    ["nation", "nations", "national", "national"],
    ["government", "governments", "governmental", "governmental"],
    ["people", "people's", "peoplehood", "peoplehood"],
    ["work", "works", "working", "workman"],
    ["play", "plays", "playful", "playful"],
    ["war", "wars", "warlike", "warlike"],
    ["law", "laws", "lawful", "lawful"],
    ["health", "healths", "healthy", "healthy"],
    ["security", "securitys", "secure", "secure"],
    ["money", "monies", "monetary", "monetary"],
    ["business", "businesses", "businesslike", "businesslike"],
    ["company", "companies", "companyman", "companyman"],
    ["service", "services", "servile", "servile"],
    ["market", "markets", "marketable", "marketable"],
    ["trade", "trades", "trading", "trading"],
    ["bank", "banks", "bankable", "bankable"],
    ["credit", "credits", "creditable", "creditable"],
    ["banking", "bankings", "bankable", "bankable"],
    ["market", "markets", "marketable", "marketable"],
    ["trade", "trades", "trading", "trading"],

